<?xml version="1.0" encoding="UTF-8"?>
<testsuite xmlns:xsi="http://www.w3.org/2001/XMLSchema-instance" xsi:noNamespaceSchemaLocation="https://maven.apache.org/surefire/maven-surefire-plugin/xsd/surefire-test-report-3.0.xsd" version="3.0" name="RfTaggerLappsTest" time="7.466" tests="7" errors="0" skipped="0" failures="0">
  <properties>
[...]
</properties>
  <testcase name="testCzech" classname="RfTaggerLappsTest" time="1.643"/>
  <testcase name="testMetadata" classname="RfTaggerLappsTest" time="0.013"/>
  <testcase name="testRussian" classname="RfTaggerLappsTest" time="1.072"/>
  <testcase name="testHungarian" classname="RfTaggerLappsTest" time="0.504"/>
  <testcase name="testGerman" classname="RfTaggerLappsTest" time="1.924"/>
  <testcase name="testSlovak" classname="RfTaggerLappsTest" time="1.931"/>
  <testcase name="testSlovene" classname="RfTaggerLappsTest" time="0.341"/>
</testsuite>