<?xml version="1.0" encoding="UTF-8"?>
<testsuite xmlns:xsi="http://www.w3.org/2001/XMLSchema-instance" xsi:noNamespaceSchemaLocation="https://maven.apache.org/surefire/maven-surefire-plugin/xsd/surefire-test-report-3.0.xsd" version="3.0" name="MateMorphTaggerLappsTest" time="31.841" tests="4" errors="0" skipped="0" failures="0">
  <properties>
[...]
</properties>
  <testcase name="testMetadata" classname="MateMorphTaggerLappsTest" time="0.406"/>
  <testcase name="testFrench" classname="MateMorphTaggerLappsTest" time="12.275"/>
  <testcase name="testGerman" classname="MateMorphTaggerLappsTest" time="9.699"/>
  <testcase name="testSpanish" classname="MateMorphTaggerLappsTest" time="9.4"/>
</testsuite>