<?xml version="1.0" encoding="UTF-8"?>
<testsuite xmlns:xsi="http://www.w3.org/2001/XMLSchema-instance" xsi:noNamespaceSchemaLocation="https://maven.apache.org/surefire/maven-surefire-plugin/xsd/surefire-test-report-3.0.xsd" version="3.0" name="SfstAnnotatorLappsTest" time="8.967" tests="7" errors="0" skipped="0" failures="0">
  <properties>
[...]
</properties>
  <testcase name="testMetadata" classname="SfstAnnotatorLappsTest" time="0.368"/>
  <testcase name="testTurkish" classname="SfstAnnotatorLappsTest" time="0.876"/>
  <testcase name="testGermanMorphisto" classname="SfstAnnotatorLappsTest" time="0.744"/>
  <testcase name="testGermanSmor" classname="SfstAnnotatorLappsTest" time="0.735"/>
  <testcase name="testGermanZmorgeOrig" classname="SfstAnnotatorLappsTest" time="2.373"/>
  <testcase name="testGermanZmorgeNewLemma" classname="SfstAnnotatorLappsTest" time="3.742"/>
  <testcase name="testItalian" classname="SfstAnnotatorLappsTest" time="0.105"/>
</testsuite>